Flow report for DE2_TOP
Mon Jul 06 19:56:30 2020
Quartus II Version 9.0 Build 132 02/25/2009 SJ Web Edition


---------------------
; Table of Contents ;
---------------------
  1. Legal Notice
  2. Flow Summary
  3. Flow Settings
  4. Flow Non-Default Global Settings
  5. Flow Elapsed Time
  6. Flow OS Summary
  7. Flow Log



----------------
; Legal Notice ;
----------------
Copyright (C) 1991-2009 Altera Corporation
Your use of Altera Corporation's design tools, logic functions 
and other software and tools, and its AMPP partner logic 
functions, and any output files from any of the foregoing 
(including device programming or simulation files), and any 
associated documentation or information are expressly subject 
to the terms and conditions of the Altera Program License 
Subscription Agreement, Altera MegaCore Function License 
Agreement, or other applicable license agreement, including, 
without limitation, that your use is for the sole purpose of 
programming logic devices manufactured by Altera and sold by 
Altera or its authorized distributors.  Please refer to the 
applicable agreement for further details.



+------------------------------------------------------------------------------+
; Flow Summary                                                                 ;
+------------------------------------+-----------------------------------------+
; Flow Status                        ; Successful - Mon Jul 06 19:56:30 2020   ;
; Quartus II Version                 ; 9.0 Build 132 02/25/2009 SJ Web Edition ;
; Revision Name                      ; DE2_TOP                                 ;
; Top-level Entity Name              ; DE2_TOP                                 ;
; Family                             ; Cyclone II                              ;
; Device                             ; EP2C70F896C6                            ;
; Timing Models                      ; Final                                   ;
; Met timing requirements            ; Yes                                     ;
; Total logic elements               ; 726 / 68,416 ( 1 % )                    ;
;     Total combinational functions  ; 718 / 68,416 ( 1 % )                    ;
;     Dedicated logic registers      ; 196 / 68,416 ( < 1 % )                  ;
; Total registers                    ; 196                                     ;
; Total pins                         ; 93 / 622 ( 15 % )                       ;
; Total virtual pins                 ; 0                                       ;
; Total memory bits                  ; 310,000 / 1,152,000 ( 27 % )            ;
; Embedded Multiplier 9-bit elements ; 0 / 300 ( 0 % )                         ;
; Total PLLs                         ; 1 / 4 ( 25 % )                          ;
+------------------------------------+-----------------------------------------+


+-----------------------------------------+
; Flow Settings                           ;
+-------------------+---------------------+
; Option            ; Setting             ;
+-------------------+---------------------+
; Start date & time ; 07/06/2020 19:56:05 ;
; Main task         ; Compilation         ;
; Revision Name     ; DE2_TOP             ;
+-------------------+---------------------+


+----------------------------------------------------------------------------------------------------------------------------------------------+
; Flow Non-Default Global Settings                                                                                                             ;
+------------------------------------+--------------------------------------------------------------+---------------+-------------+------------+
; Assignment Name                    ; Value                                                        ; Default Value ; Entity Name ; Section Id ;
+------------------------------------+--------------------------------------------------------------+---------------+-------------+------------+
; COMPILER_SIGNATURE_ID              ; 172308988373842.159403656512504                              ; --            ; --          ; --         ;
; IP_TOOL_NAME                       ; RAM: 2-PORT                                                  ; --            ; --          ; --         ;
; IP_TOOL_NAME                       ; RAM: 2-PORT                                                  ; --            ; --          ; --         ;
; IP_TOOL_NAME                       ; ALTPLL                                                       ; --            ; --          ; --         ;
; IP_TOOL_VERSION                    ; 8.0                                                          ; --            ; --          ; --         ;
; IP_TOOL_VERSION                    ; 9.0                                                          ; --            ; --          ; --         ;
; IP_TOOL_VERSION                    ; 9.0                                                          ; --            ; --          ; --         ;
; MAX_CORE_JUNCTION_TEMP             ; 85                                                           ; --            ; --          ; --         ;
; MIN_CORE_JUNCTION_TEMP             ; 0                                                            ; --            ; --          ; --         ;
; MISC_FILE                          ; vga_buffer_bb.v                                              ; --            ; --          ; --         ;
; MISC_FILE                          ; C:/Users/ea924/Downloads/VGA_640x480_m4k/VGA_m4k/DE2_TOP.dpf ; --            ; --          ; --         ;
; MISC_FILE                          ; vga_buffer_2_bb.v                                            ; --            ; --          ; --         ;
; MISC_FILE                          ; VGA_Audio_PLL.ppf                                            ; --            ; --          ; --         ;
; PARTITION_COLOR                    ; 14622752                                                     ; --            ; --          ; Top        ;
; PARTITION_NETLIST_TYPE             ; SOURCE                                                       ; --            ; --          ; Top        ;
; USE_GENERATED_PHYSICAL_CONSTRAINTS ; Off                                                          ; --            ; --          ; eda_palace ;
+------------------------------------+--------------------------------------------------------------+---------------+-------------+------------+


+-----------------------------------------------------------------------------------------------------------------------------+
; Flow Elapsed Time                                                                                                           ;
+-------------------------+--------------+-------------------------+---------------------+------------------------------------+
; Module Name             ; Elapsed Time ; Average Processors Used ; Peak Virtual Memory ; Total CPU Time (on all processors) ;
+-------------------------+--------------+-------------------------+---------------------+------------------------------------+
; Analysis & Synthesis    ; 00:00:05     ; 1.0                     ; 250 MB              ; 00:00:04                           ;
; Fitter                  ; 00:00:12     ; 1.0                     ; 396 MB              ; 00:00:11                           ;
; Assembler               ; 00:00:04     ; 1.0                     ; 356 MB              ; 00:00:04                           ;
; Classic Timing Analyzer ; 00:00:01     ; 1.0                     ; 199 MB              ; 00:00:01                           ;
; Total                   ; 00:00:22     ; --                      ; --                  ; 00:00:20                           ;
+-------------------------+--------------+-------------------------+---------------------+------------------------------------+


+------------------------------------------------------------------------------------------+
; Flow OS Summary                                                                          ;
+-------------------------+------------------+---------------+------------+----------------+
; Module Name             ; Machine Hostname ; OS Name       ; OS Version ; Processor type ;
+-------------------------+------------------+---------------+------------+----------------+
; Analysis & Synthesis    ; LAPTOP-UU99KTT1  ; Windows Vista ; 6.2        ; x86_64         ;
; Fitter                  ; LAPTOP-UU99KTT1  ; Windows Vista ; 6.2        ; x86_64         ;
; Assembler               ; LAPTOP-UU99KTT1  ; Windows Vista ; 6.2        ; x86_64         ;
; Classic Timing Analyzer ; LAPTOP-UU99KTT1  ; Windows Vista ; 6.2        ; x86_64         ;
+-------------------------+------------------+---------------+------------+----------------+


------------
; Flow Log ;
------------
quartus_map --read_settings_files=on --write_settings_files=off VGA_m4k -c DE2_TOP
quartus_fit --read_settings_files=off --write_settings_files=off VGA_m4k -c DE2_TOP
quartus_asm --read_settings_files=off --write_settings_files=off VGA_m4k -c DE2_TOP
quartus_tan --read_settings_files=off --write_settings_files=off VGA_m4k -c DE2_TOP --timing_analysis_only



